2014-11-04 13:40:52,872 WARN org.springframework.integration.gateway.GatewayProxyFactoryBean$MethodInvocationGateway - failure occurred in gateway sendAndReceive
org.springframework.integration.dispatcher.AggregateMessageDeliveryException: All attempts to deliver Message to MessageHandlers failed. Multiple causes:
    error occurred in message handler [org.springframework.integration.aggregator.AggregatingMessageHandler#0]
    org.springframework.expression.spel.SpelEvaluationException: EL1004E:(pos 8): Method call: Method createInvoice(com.babel.order.Order) cannot be found on com.sun.proxy.$Proxy7 type
See below for the stacktrace of the first cause.
	at org.springframework.integration.dispatcher.UnicastingDispatcher.handleExceptions(UnicastingDispatcher.java:165)
	at org.springframework.integration.dispatcher.UnicastingDispatcher.doDispatch(UnicastingDispatcher.java:128)
	at org.springframework.integration.dispatcher.UnicastingDispatcher.dispatch(UnicastingDispatcher.java:102)
	at org.springframework.integration.channel.AbstractSubscribableChannel.doSend(AbstractSubscribableChannel.java:77)
	at org.springframework.integration.channel.AbstractMessageChannel.send(AbstractMessageChannel.java:157)
	at org.springframework.integration.channel.interceptor.WireTap.preSend(WireTap.java:121)
	at org.springframework.integration.channel.AbstractMessageChannel$ChannelInterceptorList.preSend(AbstractMessageChannel.java:227)
	at org.springframework.integration.channel.AbstractMessageChannel.send(AbstractMessageChannel.java:152)
	at org.springframework.integration.handler.MessageHandlerChain$ReplyForwardingMessageChannel.send(MessageHandlerChain.java:306)
	at org.springframework.integration.handler.MessageHandlerChain$ReplyForwardingMessageChannel.send(MessageHandlerChain.java:299)
	at org.springframework.integration.core.MessagingTemplate.doSend(MessagingTemplate.java:288)
	at org.springframework.integration.core.MessagingTemplate.send(MessagingTemplate.java:149)
	at org.springframework.integration.handler.AbstractReplyProducingMessageHandler.sendMessage(AbstractReplyProducingMessageHandler.java:216)
	at org.springframework.integration.handler.AbstractReplyProducingMessageHandler.sendReplyMessage(AbstractReplyProducingMessageHandler.java:200)
	at org.springframework.integration.handler.AbstractReplyProducingMessageHandler.produceReply(AbstractReplyProducingMessageHandler.java:165)
	at org.springframework.integration.handler.AbstractReplyProducingMessageHandler.handleResult(AbstractReplyProducingMessageHandler.java:159)
	at org.springframework.integration.handler.AbstractReplyProducingMessageHandler.handleMessageInternal(AbstractReplyProducingMessageHandler.java:141)
	at org.springframework.integration.handler.AbstractMessageHandler.handleMessage(AbstractMessageHandler.java:73)
	at org.springframework.integration.handler.MessageHandlerChain$1.send(MessageHandlerChain.java:154)
	at org.springframework.integration.core.MessagingTemplate.doSend(MessagingTemplate.java:288)
	at org.springframework.integration.core.MessagingTemplate.send(MessagingTemplate.java:149)
	at org.springframework.integration.handler.AbstractReplyProducingMessageHandler.sendMessage(AbstractReplyProducingMessageHandler.java:216)
	at org.springframework.integration.handler.AbstractReplyProducingMessageHandler.sendReplyMessage(AbstractReplyProducingMessageHandler.java:200)
	at org.springframework.integration.handler.AbstractReplyProducingMessageHandler.produceReply(AbstractReplyProducingMessageHandler.java:165)
	at org.springframework.integration.handler.AbstractReplyProducingMessageHandler.handleResult(AbstractReplyProducingMessageHandler.java:159)
	at org.springframework.integration.handler.AbstractReplyProducingMessageHandler.handleMessageInternal(AbstractReplyProducingMessageHandler.java:141)
	at org.springframework.integration.handler.AbstractMessageHandler.handleMessage(AbstractMessageHandler.java:73)
	at org.springframework.integration.handler.MessageHandlerChain.handleMessageInternal(MessageHandlerChain.java:137)
	at org.springframework.integration.handler.AbstractMessageHandler.handleMessage(AbstractMessageHandler.java:73)
	at org.springframework.integration.dispatcher.UnicastingDispatcher.doDispatch(UnicastingDispatcher.java:115)
	at org.springframework.integration.dispatcher.UnicastingDispatcher.dispatch(UnicastingDispatcher.java:102)
	at org.springframework.integration.channel.AbstractSubscribableChannel.doSend(AbstractSubscribableChannel.java:77)
	at org.springframework.integration.channel.AbstractMessageChannel.send(AbstractMessageChannel.java:157)
	at org.springframework.integration.channel.AbstractMessageChannel.send(AbstractMessageChannel.java:128)
	at org.springframework.integration.core.MessagingTemplate.doSend(MessagingTemplate.java:288)
	at org.springframework.integration.core.MessagingTemplate.send(MessagingTemplate.java:149)
	at org.springframework.integration.router.AbstractMessageRouter.handleMessageInternal(AbstractMessageRouter.java:129)
	at org.springframework.integration.handler.AbstractMessageHandler.handleMessage(AbstractMessageHandler.java:73)
	at org.springframework.integration.dispatcher.UnicastingDispatcher.doDispatch(UnicastingDispatcher.java:115)
	at org.springframework.integration.dispatcher.UnicastingDispatcher.dispatch(UnicastingDispatcher.java:102)
	at org.springframework.integration.channel.AbstractSubscribableChannel.doSend(AbstractSubscribableChannel.java:77)
	at org.springframework.integration.channel.AbstractMessageChannel.send(AbstractMessageChannel.java:157)
	at org.springframework.integration.channel.AbstractMessageChannel.send(AbstractMessageChannel.java:128)
	at org.springframework.integration.core.MessagingTemplate.doSend(MessagingTemplate.java:288)
	at org.springframework.integration.core.MessagingTemplate.doSendAndReceive(MessagingTemplate.java:318)
	at org.springframework.integration.core.MessagingTemplate.sendAndReceive(MessagingTemplate.java:239)
	at org.springframework.integration.core.MessagingTemplate.convertSendAndReceive(MessagingTemplate.java:274)
	at org.springframework.integration.gateway.MessagingGatewaySupport.doSendAndReceive(MessagingGatewaySupport.java:224)
	at org.springframework.integration.gateway.MessagingGatewaySupport.sendAndReceive(MessagingGatewaySupport.java:203)
	at org.springframework.integration.gateway.GatewayProxyFactoryBean.invokeGatewayMethod(GatewayProxyFactoryBean.java:306)
	at org.springframework.integration.gateway.GatewayProxyFactoryBean.doInvoke(GatewayProxyFactoryBean.java:269)
	at org.springframework.integration.gateway.GatewayProxyFactoryBean.invoke(GatewayProxyFactoryBean.java:260)
	at org.springframework.aop.framework.ReflectiveMethodInvocation.proceed(ReflectiveMethodInvocation.java:172)
	at org.springframework.aop.framework.JdkDynamicAopProxy.invoke(JdkDynamicAopProxy.java:202)
	at com.sun.proxy.$Proxy9.handleMessage(Unknown Source)
	at com.babel.esb.impl.DocumentMessageHandlerImpl.handleMessage(DocumentMessageHandlerImpl.java:26)
	at com.babel.esb.test.TestApproveOrder.test(TestApproveOrder.java:23)
	at sun.reflect.NativeMethodAccessorImpl.invoke0(Native Method)
	at sun.reflect.NativeMethodAccessorImpl.invoke(Unknown Source)
	at sun.reflect.DelegatingMethodAccessorImpl.invoke(Unknown Source)
	at java.lang.reflect.Method.invoke(Unknown Source)
	at org.junit.runners.model.FrameworkMethod$1.runReflectiveCall(FrameworkMethod.java:44)
	at org.junit.internal.runners.model.ReflectiveCallable.run(ReflectiveCallable.java:15)
	at org.junit.runners.model.FrameworkMethod.invokeExplosively(FrameworkMethod.java:41)
	at org.junit.internal.runners.statements.InvokeMethod.evaluate(InvokeMethod.java:20)
	at org.junit.internal.runners.statements.RunBefores.evaluate(RunBefores.java:28)
	at org.junit.runners.BlockJUnit4ClassRunner.runChild(BlockJUnit4ClassRunner.java:76)
	at org.junit.runners.BlockJUnit4ClassRunner.runChild(BlockJUnit4ClassRunner.java:50)
	at org.junit.runners.ParentRunner$3.run(ParentRunner.java:193)
	at org.junit.runners.ParentRunner$1.schedule(ParentRunner.java:52)
	at org.junit.runners.ParentRunner.runChildren(ParentRunner.java:191)
	at org.junit.runners.ParentRunner.access$000(ParentRunner.java:42)
	at org.junit.runners.ParentRunner$2.evaluate(ParentRunner.java:184)
	at org.junit.runners.ParentRunner.run(ParentRunner.java:236)
	at org.eclipse.jdt.internal.junit4.runner.JUnit4TestReference.run(JUnit4TestReference.java:50)
	at org.eclipse.jdt.internal.junit.runner.TestExecution.run(TestExecution.java:38)
	at org.eclipse.jdt.internal.junit.runner.RemoteTestRunner.runTests(RemoteTestRunner.java:467)
	at org.eclipse.jdt.internal.junit.runner.RemoteTestRunner.runTests(RemoteTestRunner.java:683)
	at org.eclipse.jdt.internal.junit.runner.RemoteTestRunner.run(RemoteTestRunner.java:390)
	at org.eclipse.jdt.internal.junit.runner.RemoteTestRunner.main(RemoteTestRunner.java:197)
Caused by: org.springframework.integration.MessageHandlingException: error occurred in message handler [org.springframework.integration.aggregator.AggregatingMessageHandler#0]
	at org.springframework.integration.handler.AbstractMessageHandler.handleMessage(AbstractMessageHandler.java:79)
	at org.springframework.integration.dispatcher.BroadcastingDispatcher.invokeHandler(BroadcastingDispatcher.java:121)
	at org.springframework.integration.dispatcher.BroadcastingDispatcher.dispatch(BroadcastingDispatcher.java:112)
	at org.springframework.integration.channel.AbstractSubscribableChannel.doSend(AbstractSubscribableChannel.java:77)
	at org.springframework.integration.channel.AbstractMessageChannel.send(AbstractMessageChannel.java:157)
	at org.springframework.integration.handler.MessageHandlerChain$ReplyForwardingMessageChannel.send(MessageHandlerChain.java:306)
	at org.springframework.integration.handler.MessageHandlerChain$ReplyForwardingMessageChannel.send(MessageHandlerChain.java:299)
	at org.springframework.integration.core.MessagingTemplate.doSend(MessagingTemplate.java:288)
	at org.springframework.integration.core.MessagingTemplate.send(MessagingTemplate.java:149)
	at org.springframework.integration.handler.AbstractReplyProducingMessageHandler.sendMessage(AbstractReplyProducingMessageHandler.java:216)
	at org.springframework.integration.handler.AbstractReplyProducingMessageHandler.sendReplyMessage(AbstractReplyProducingMessageHandler.java:200)
	at org.springframework.integration.handler.AbstractReplyProducingMessageHandler.produceReply(AbstractReplyProducingMessageHandler.java:165)
	at org.springframework.integration.handler.AbstractReplyProducingMessageHandler.handleResult(AbstractReplyProducingMessageHandler.java:159)
	at org.springframework.integration.handler.AbstractReplyProducingMessageHandler.handleMessageInternal(AbstractReplyProducingMessageHandler.java:141)
	at org.springframework.integration.handler.AbstractMessageHandler.handleMessage(AbstractMessageHandler.java:73)
	at org.springframework.integration.handler.MessageHandlerChain$1.send(MessageHandlerChain.java:154)
	at org.springframework.integration.core.MessagingTemplate.doSend(MessagingTemplate.java:288)
	at org.springframework.integration.core.MessagingTemplate.send(MessagingTemplate.java:149)
	at org.springframework.integration.handler.AbstractReplyProducingMessageHandler.sendMessage(AbstractReplyProducingMessageHandler.java:216)
	at org.springframework.integration.handler.AbstractReplyProducingMessageHandler.sendReplyMessage(AbstractReplyProducingMessageHandler.java:200)
	at org.springframework.integration.handler.AbstractReplyProducingMessageHandler.produceReply(AbstractReplyProducingMessageHandler.java:165)
	at org.springframework.integration.handler.AbstractReplyProducingMessageHandler.handleResult(AbstractReplyProducingMessageHandler.java:159)
	at org.springframework.integration.handler.AbstractReplyProducingMessageHandler.handleMessageInternal(AbstractReplyProducingMessageHandler.java:141)
	at org.springframework.integration.handler.AbstractMessageHandler.handleMessage(AbstractMessageHandler.java:73)
	at org.springframework.integration.handler.MessageHandlerChain.handleMessageInternal(MessageHandlerChain.java:137)
	at org.springframework.integration.handler.AbstractMessageHandler.handleMessage(AbstractMessageHandler.java:73)
	at org.springframework.integration.dispatcher.UnicastingDispatcher.doDispatch(UnicastingDispatcher.java:115)
	... 78 more
Caused by: java.lang.IllegalStateException: Null correlation not allowed.  Maybe the CorrelationStrategy is failing?
	at org.springframework.util.Assert.state(Assert.java:384)
	at org.springframework.integration.aggregator.AbstractCorrelatingMessageHandler.handleMessageInternal(AbstractCorrelatingMessageHandler.java:211)
	at org.springframework.integration.handler.AbstractMessageHandler.handleMessage(AbstractMessageHandler.java:73)
	... 104 more
2014-11-04 13:57:34,030 WARN org.springframework.integration.gateway.GatewayProxyFactoryBean$MethodInvocationGateway - failure occurred in gateway sendAndReceive
org.springframework.integration.MessageDeliveryException: Dispatcher has no subscribers for channel fork1.
	at org.springframework.integration.channel.AbstractSubscribableChannel.doSend(AbstractSubscribableChannel.java:82)
	at org.springframework.integration.channel.AbstractMessageChannel.send(AbstractMessageChannel.java:157)
	at org.springframework.integration.handler.MessageHandlerChain$ReplyForwardingMessageChannel.send(MessageHandlerChain.java:306)
	at org.springframework.integration.handler.MessageHandlerChain$ReplyForwardingMessageChannel.send(MessageHandlerChain.java:299)
	at org.springframework.integration.core.MessagingTemplate.doSend(MessagingTemplate.java:288)
	at org.springframework.integration.core.MessagingTemplate.send(MessagingTemplate.java:149)
	at org.springframework.integration.handler.AbstractReplyProducingMessageHandler.sendMessage(AbstractReplyProducingMessageHandler.java:216)
	at org.springframework.integration.handler.AbstractReplyProducingMessageHandler.sendReplyMessage(AbstractReplyProducingMessageHandler.java:200)
	at org.springframework.integration.handler.AbstractReplyProducingMessageHandler.produceReply(AbstractReplyProducingMessageHandler.java:165)
	at org.springframework.integration.handler.AbstractReplyProducingMessageHandler.handleResult(AbstractReplyProducingMessageHandler.java:159)
	at org.springframework.integration.handler.AbstractReplyProducingMessageHandler.handleMessageInternal(AbstractReplyProducingMessageHandler.java:141)
	at org.springframework.integration.handler.AbstractMessageHandler.handleMessage(AbstractMessageHandler.java:73)
	at org.springframework.integration.handler.MessageHandlerChain$1.send(MessageHandlerChain.java:154)
	at org.springframework.integration.core.MessagingTemplate.doSend(MessagingTemplate.java:288)
	at org.springframework.integration.core.MessagingTemplate.send(MessagingTemplate.java:149)
	at org.springframework.integration.handler.AbstractReplyProducingMessageHandler.sendMessage(AbstractReplyProducingMessageHandler.java:216)
	at org.springframework.integration.handler.AbstractReplyProducingMessageHandler.sendReplyMessage(AbstractReplyProducingMessageHandler.java:200)
	at org.springframework.integration.handler.AbstractReplyProducingMessageHandler.produceReply(AbstractReplyProducingMessageHandler.java:165)
	at org.springframework.integration.handler.AbstractReplyProducingMessageHandler.handleResult(AbstractReplyProducingMessageHandler.java:159)
	at org.springframework.integration.handler.AbstractReplyProducingMessageHandler.handleMessageInternal(AbstractReplyProducingMessageHandler.java:141)
	at org.springframework.integration.handler.AbstractMessageHandler.handleMessage(AbstractMessageHandler.java:73)
	at org.springframework.integration.handler.MessageHandlerChain.handleMessageInternal(MessageHandlerChain.java:137)
	at org.springframework.integration.handler.AbstractMessageHandler.handleMessage(AbstractMessageHandler.java:73)
	at org.springframework.integration.dispatcher.UnicastingDispatcher.doDispatch(UnicastingDispatcher.java:115)
	at org.springframework.integration.dispatcher.UnicastingDispatcher.dispatch(UnicastingDispatcher.java:102)
	at org.springframework.integration.channel.AbstractSubscribableChannel.doSend(AbstractSubscribableChannel.java:77)
	at org.springframework.integration.channel.AbstractMessageChannel.send(AbstractMessageChannel.java:157)
	at org.springframework.integration.channel.AbstractMessageChannel.send(AbstractMessageChannel.java:128)
	at org.springframework.integration.core.MessagingTemplate.doSend(MessagingTemplate.java:288)
	at org.springframework.integration.core.MessagingTemplate.send(MessagingTemplate.java:149)
	at org.springframework.integration.router.AbstractMessageRouter.handleMessageInternal(AbstractMessageRouter.java:129)
	at org.springframework.integration.handler.AbstractMessageHandler.handleMessage(AbstractMessageHandler.java:73)
	at org.springframework.integration.dispatcher.UnicastingDispatcher.doDispatch(UnicastingDispatcher.java:115)
	at org.springframework.integration.dispatcher.UnicastingDispatcher.dispatch(UnicastingDispatcher.java:102)
	at org.springframework.integration.channel.AbstractSubscribableChannel.doSend(AbstractSubscribableChannel.java:77)
	at org.springframework.integration.channel.AbstractMessageChannel.send(AbstractMessageChannel.java:157)
	at org.springframework.integration.channel.AbstractMessageChannel.send(AbstractMessageChannel.java:128)
	at org.springframework.integration.core.MessagingTemplate.doSend(MessagingTemplate.java:288)
	at org.springframework.integration.core.MessagingTemplate.doSendAndReceive(MessagingTemplate.java:318)
	at org.springframework.integration.core.MessagingTemplate.sendAndReceive(MessagingTemplate.java:239)
	at org.springframework.integration.core.MessagingTemplate.convertSendAndReceive(MessagingTemplate.java:274)
	at org.springframework.integration.gateway.MessagingGatewaySupport.doSendAndReceive(MessagingGatewaySupport.java:224)
	at org.springframework.integration.gateway.MessagingGatewaySupport.sendAndReceive(MessagingGatewaySupport.java:203)
	at org.springframework.integration.gateway.GatewayProxyFactoryBean.invokeGatewayMethod(GatewayProxyFactoryBean.java:306)
	at org.springframework.integration.gateway.GatewayProxyFactoryBean.doInvoke(GatewayProxyFactoryBean.java:269)
	at org.springframework.integration.gateway.GatewayProxyFactoryBean.invoke(GatewayProxyFactoryBean.java:260)
	at org.springframework.aop.framework.ReflectiveMethodInvocation.proceed(ReflectiveMethodInvocation.java:172)
	at org.springframework.aop.framework.JdkDynamicAopProxy.invoke(JdkDynamicAopProxy.java:202)
	at com.sun.proxy.$Proxy9.handleMessage(Unknown Source)
	at com.babel.esb.impl.DocumentMessageHandlerImpl.handleMessage(DocumentMessageHandlerImpl.java:26)
	at com.babel.esb.test.TestApproveOrder.test(TestApproveOrder.java:23)
	at sun.reflect.NativeMethodAccessorImpl.invoke0(Native Method)
	at sun.reflect.NativeMethodAccessorImpl.invoke(Unknown Source)
	at sun.reflect.DelegatingMethodAccessorImpl.invoke(Unknown Source)
	at java.lang.reflect.Method.invoke(Unknown Source)
	at org.junit.runners.model.FrameworkMethod$1.runReflectiveCall(FrameworkMethod.java:44)
	at org.junit.internal.runners.model.ReflectiveCallable.run(ReflectiveCallable.java:15)
	at org.junit.runners.model.FrameworkMethod.invokeExplosively(FrameworkMethod.java:41)
	at org.junit.internal.runners.statements.InvokeMethod.evaluate(InvokeMethod.java:20)
	at org.junit.internal.runners.statements.RunBefores.evaluate(RunBefores.java:28)
	at org.junit.runners.BlockJUnit4ClassRunner.runChild(BlockJUnit4ClassRunner.java:76)
	at org.junit.runners.BlockJUnit4ClassRunner.runChild(BlockJUnit4ClassRunner.java:50)
	at org.junit.runners.ParentRunner$3.run(ParentRunner.java:193)
	at org.junit.runners.ParentRunner$1.schedule(ParentRunner.java:52)
	at org.junit.runners.ParentRunner.runChildren(ParentRunner.java:191)
	at org.junit.runners.ParentRunner.access$000(ParentRunner.java:42)
	at org.junit.runners.ParentRunner$2.evaluate(ParentRunner.java:184)
	at org.junit.runners.ParentRunner.run(ParentRunner.java:236)
	at org.eclipse.jdt.internal.junit4.runner.JUnit4TestReference.run(JUnit4TestReference.java:50)
	at org.eclipse.jdt.internal.junit.runner.TestExecution.run(TestExecution.java:38)
	at org.eclipse.jdt.internal.junit.runner.RemoteTestRunner.runTests(RemoteTestRunner.java:467)
	at org.eclipse.jdt.internal.junit.runner.RemoteTestRunner.runTests(RemoteTestRunner.java:683)
	at org.eclipse.jdt.internal.junit.runner.RemoteTestRunner.run(RemoteTestRunner.java:390)
	at org.eclipse.jdt.internal.junit.runner.RemoteTestRunner.main(RemoteTestRunner.java:197)
Caused by: org.springframework.integration.MessageDispatchingException: Dispatcher has no subscribers
	at org.springframework.integration.dispatcher.UnicastingDispatcher.doDispatch(UnicastingDispatcher.java:109)
	at org.springframework.integration.dispatcher.UnicastingDispatcher.dispatch(UnicastingDispatcher.java:102)
	at org.springframework.integration.channel.AbstractSubscribableChannel.doSend(AbstractSubscribableChannel.java:77)
	... 73 more
2014-11-04 14:03:27,339 WARN org.springframework.integration.gateway.GatewayProxyFactoryBean$MethodInvocationGateway - failure occurred in gateway sendAndReceive
org.springframework.integration.MessageDeliveryException: Dispatcher has no subscribers for channel fork1.
	at org.springframework.integration.channel.AbstractSubscribableChannel.doSend(AbstractSubscribableChannel.java:82)
	at org.springframework.integration.channel.AbstractMessageChannel.send(AbstractMessageChannel.java:157)
	at org.springframework.integration.handler.MessageHandlerChain$ReplyForwardingMessageChannel.send(MessageHandlerChain.java:306)
	at org.springframework.integration.handler.MessageHandlerChain$ReplyForwardingMessageChannel.send(MessageHandlerChain.java:299)
	at org.springframework.integration.core.MessagingTemplate.doSend(MessagingTemplate.java:288)
	at org.springframework.integration.core.MessagingTemplate.send(MessagingTemplate.java:149)
	at org.springframework.integration.handler.AbstractReplyProducingMessageHandler.sendMessage(AbstractReplyProducingMessageHandler.java:216)
	at org.springframework.integration.handler.AbstractReplyProducingMessageHandler.sendReplyMessage(AbstractReplyProducingMessageHandler.java:200)
	at org.springframework.integration.handler.AbstractReplyProducingMessageHandler.produceReply(AbstractReplyProducingMessageHandler.java:165)
	at org.springframework.integration.handler.AbstractReplyProducingMessageHandler.handleResult(AbstractReplyProducingMessageHandler.java:159)
	at org.springframework.integration.handler.AbstractReplyProducingMessageHandler.handleMessageInternal(AbstractReplyProducingMessageHandler.java:141)
	at org.springframework.integration.handler.AbstractMessageHandler.handleMessage(AbstractMessageHandler.java:73)
	at org.springframework.integration.handler.MessageHandlerChain$1.send(MessageHandlerChain.java:154)
	at org.springframework.integration.core.MessagingTemplate.doSend(MessagingTemplate.java:288)
	at org.springframework.integration.core.MessagingTemplate.send(MessagingTemplate.java:149)
	at org.springframework.integration.handler.AbstractReplyProducingMessageHandler.sendMessage(AbstractReplyProducingMessageHandler.java:216)
	at org.springframework.integration.handler.AbstractReplyProducingMessageHandler.sendReplyMessage(AbstractReplyProducingMessageHandler.java:200)
	at org.springframework.integration.handler.AbstractReplyProducingMessageHandler.produceReply(AbstractReplyProducingMessageHandler.java:165)
	at org.springframework.integration.handler.AbstractReplyProducingMessageHandler.handleResult(AbstractReplyProducingMessageHandler.java:159)
	at org.springframework.integration.handler.AbstractReplyProducingMessageHandler.handleMessageInternal(AbstractReplyProducingMessageHandler.java:141)
	at org.springframework.integration.handler.AbstractMessageHandler.handleMessage(AbstractMessageHandler.java:73)
	at org.springframework.integration.handler.MessageHandlerChain.handleMessageInternal(MessageHandlerChain.java:137)
	at org.springframework.integration.handler.AbstractMessageHandler.handleMessage(AbstractMessageHandler.java:73)
	at org.springframework.integration.dispatcher.UnicastingDispatcher.doDispatch(UnicastingDispatcher.java:115)
	at org.springframework.integration.dispatcher.UnicastingDispatcher.dispatch(UnicastingDispatcher.java:102)
	at org.springframework.integration.channel.AbstractSubscribableChannel.doSend(AbstractSubscribableChannel.java:77)
	at org.springframework.integration.channel.AbstractMessageChannel.send(AbstractMessageChannel.java:157)
	at org.springframework.integration.channel.AbstractMessageChannel.send(AbstractMessageChannel.java:128)
	at org.springframework.integration.core.MessagingTemplate.doSend(MessagingTemplate.java:288)
	at org.springframework.integration.core.MessagingTemplate.send(MessagingTemplate.java:149)
	at org.springframework.integration.router.AbstractMessageRouter.handleMessageInternal(AbstractMessageRouter.java:129)
	at org.springframework.integration.handler.AbstractMessageHandler.handleMessage(AbstractMessageHandler.java:73)
	at org.springframework.integration.dispatcher.UnicastingDispatcher.doDispatch(UnicastingDispatcher.java:115)
	at org.springframework.integration.dispatcher.UnicastingDispatcher.dispatch(UnicastingDispatcher.java:102)
	at org.springframework.integration.channel.AbstractSubscribableChannel.doSend(AbstractSubscribableChannel.java:77)
	at org.springframework.integration.channel.AbstractMessageChannel.send(AbstractMessageChannel.java:157)
	at org.springframework.integration.channel.AbstractMessageChannel.send(AbstractMessageChannel.java:128)
	at org.springframework.integration.core.MessagingTemplate.doSend(MessagingTemplate.java:288)
	at org.springframework.integration.core.MessagingTemplate.doSendAndReceive(MessagingTemplate.java:318)
	at org.springframework.integration.core.MessagingTemplate.sendAndReceive(MessagingTemplate.java:239)
	at org.springframework.integration.core.MessagingTemplate.convertSendAndReceive(MessagingTemplate.java:274)
	at org.springframework.integration.gateway.MessagingGatewaySupport.doSendAndReceive(MessagingGatewaySupport.java:224)
	at org.springframework.integration.gateway.MessagingGatewaySupport.sendAndReceive(MessagingGatewaySupport.java:203)
	at org.springframework.integration.gateway.GatewayProxyFactoryBean.invokeGatewayMethod(GatewayProxyFactoryBean.java:306)
	at org.springframework.integration.gateway.GatewayProxyFactoryBean.doInvoke(GatewayProxyFactoryBean.java:269)
	at org.springframework.integration.gateway.GatewayProxyFactoryBean.invoke(GatewayProxyFactoryBean.java:260)
	at org.springframework.aop.framework.ReflectiveMethodInvocation.proceed(ReflectiveMethodInvocation.java:172)
	at org.springframework.aop.framework.JdkDynamicAopProxy.invoke(JdkDynamicAopProxy.java:202)
	at com.sun.proxy.$Proxy9.handleMessage(Unknown Source)
	at com.babel.esb.impl.DocumentMessageHandlerImpl.handleMessage(DocumentMessageHandlerImpl.java:26)
	at com.babel.esb.test.TestApproveOrder.test(TestApproveOrder.java:23)
	at sun.reflect.NativeMethodAccessorImpl.invoke0(Native Method)
	at sun.reflect.NativeMethodAccessorImpl.invoke(Unknown Source)
	at sun.reflect.DelegatingMethodAccessorImpl.invoke(Unknown Source)
	at java.lang.reflect.Method.invoke(Unknown Source)
	at org.junit.runners.model.FrameworkMethod$1.runReflectiveCall(FrameworkMethod.java:44)
	at org.junit.internal.runners.model.ReflectiveCallable.run(ReflectiveCallable.java:15)
	at org.junit.runners.model.FrameworkMethod.invokeExplosively(FrameworkMethod.java:41)
	at org.junit.internal.runners.statements.InvokeMethod.evaluate(InvokeMethod.java:20)
	at org.junit.internal.runners.statements.RunBefores.evaluate(RunBefores.java:28)
	at org.junit.runners.BlockJUnit4ClassRunner.runChild(BlockJUnit4ClassRunner.java:76)
	at org.junit.runners.BlockJUnit4ClassRunner.runChild(BlockJUnit4ClassRunner.java:50)
	at org.junit.runners.ParentRunner$3.run(ParentRunner.java:193)
	at org.junit.runners.ParentRunner$1.schedule(ParentRunner.java:52)
	at org.junit.runners.ParentRunner.runChildren(ParentRunner.java:191)
	at org.junit.runners.ParentRunner.access$000(ParentRunner.java:42)
	at org.junit.runners.ParentRunner$2.evaluate(ParentRunner.java:184)
	at org.junit.runners.ParentRunner.run(ParentRunner.java:236)
	at org.eclipse.jdt.internal.junit4.runner.JUnit4TestReference.run(JUnit4TestReference.java:50)
	at org.eclipse.jdt.internal.junit.runner.TestExecution.run(TestExecution.java:38)
	at org.eclipse.jdt.internal.junit.runner.RemoteTestRunner.runTests(RemoteTestRunner.java:467)
	at org.eclipse.jdt.internal.junit.runner.RemoteTestRunner.runTests(RemoteTestRunner.java:683)
	at org.eclipse.jdt.internal.junit.runner.RemoteTestRunner.run(RemoteTestRunner.java:390)
	at org.eclipse.jdt.internal.junit.runner.RemoteTestRunner.main(RemoteTestRunner.java:197)
Caused by: org.springframework.integration.MessageDispatchingException: Dispatcher has no subscribers
	at org.springframework.integration.dispatcher.UnicastingDispatcher.doDispatch(UnicastingDispatcher.java:109)
	at org.springframework.integration.dispatcher.UnicastingDispatcher.dispatch(UnicastingDispatcher.java:102)
	at org.springframework.integration.channel.AbstractSubscribableChannel.doSend(AbstractSubscribableChannel.java:77)
	... 73 more
2014-11-05 11:32:12,988 WARN org.springframework.integration.gateway.GatewayProxyFactoryBean$MethodInvocationGateway - failure occurred in gateway sendAndReceive
org.springframework.integration.transformer.MessageTransformationException: org.springframework.integration.MessageHandlingException: java.lang.NullPointerException
	at org.springframework.integration.transformer.MessageTransformingHandler.handleRequestMessage(MessageTransformingHandler.java:73)
	at org.springframework.integration.handler.AbstractReplyProducingMessageHandler.handleMessageInternal(AbstractReplyProducingMessageHandler.java:134)
	at org.springframework.integration.handler.AbstractMessageHandler.handleMessage(AbstractMessageHandler.java:73)
	at org.springframework.integration.handler.MessageHandlerChain.handleMessageInternal(MessageHandlerChain.java:137)
	at org.springframework.integration.handler.AbstractMessageHandler.handleMessage(AbstractMessageHandler.java:73)
	at org.springframework.integration.dispatcher.UnicastingDispatcher.doDispatch(UnicastingDispatcher.java:115)
	at org.springframework.integration.dispatcher.UnicastingDispatcher.dispatch(UnicastingDispatcher.java:102)
	at org.springframework.integration.channel.AbstractSubscribableChannel.doSend(AbstractSubscribableChannel.java:77)
	at org.springframework.integration.channel.AbstractMessageChannel.send(AbstractMessageChannel.java:157)
	at org.springframework.integration.core.MessagingTemplate.doSend(MessagingTemplate.java:288)
	at org.springframework.integration.core.MessagingTemplate.send(MessagingTemplate.java:149)
	at org.springframework.integration.router.AbstractMessageRouter.handleMessageInternal(AbstractMessageRouter.java:129)
	at org.springframework.integration.handler.AbstractMessageHandler.handleMessage(AbstractMessageHandler.java:73)
	at org.springframework.integration.handler.MessageHandlerChain$1.send(MessageHandlerChain.java:154)
	at org.springframework.integration.handler.MessageHandlerChain$1.send(MessageHandlerChain.java:151)
	at org.springframework.integration.core.MessagingTemplate.doSend(MessagingTemplate.java:288)
	at org.springframework.integration.core.MessagingTemplate.send(MessagingTemplate.java:149)
	at org.springframework.integration.aggregator.AbstractCorrelatingMessageHandler.sendReplyMessage(AbstractCorrelatingMessageHandler.java:411)
	at org.springframework.integration.aggregator.AbstractCorrelatingMessageHandler.sendReplies(AbstractCorrelatingMessageHandler.java:404)
	at org.springframework.integration.aggregator.AbstractCorrelatingMessageHandler.completeGroup(AbstractCorrelatingMessageHandler.java:379)
	at org.springframework.integration.aggregator.AbstractCorrelatingMessageHandler.handleMessageInternal(AbstractCorrelatingMessageHandler.java:236)
	at org.springframework.integration.handler.AbstractMessageHandler.handleMessage(AbstractMessageHandler.java:73)
	at org.springframework.integration.handler.MessageHandlerChain.handleMessageInternal(MessageHandlerChain.java:137)
	at org.springframework.integration.handler.AbstractMessageHandler.handleMessage(AbstractMessageHandler.java:73)
	at org.springframework.integration.dispatcher.UnicastingDispatcher.doDispatch(UnicastingDispatcher.java:115)
	at org.springframework.integration.dispatcher.UnicastingDispatcher.dispatch(UnicastingDispatcher.java:102)
	at org.springframework.integration.channel.AbstractSubscribableChannel.doSend(AbstractSubscribableChannel.java:77)
	at org.springframework.integration.channel.AbstractMessageChannel.send(AbstractMessageChannel.java:157)
	at org.springframework.integration.core.MessagingTemplate.doSend(MessagingTemplate.java:288)
	at org.springframework.integration.core.MessagingTemplate.send(MessagingTemplate.java:149)
	at org.springframework.integration.router.AbstractMessageRouter.handleMessageInternal(AbstractMessageRouter.java:129)
	at org.springframework.integration.handler.AbstractMessageHandler.handleMessage(AbstractMessageHandler.java:73)
	at org.springframework.integration.handler.MessageHandlerChain$1.send(MessageHandlerChain.java:154)
	at org.springframework.integration.core.MessagingTemplate.doSend(MessagingTemplate.java:288)
	at org.springframework.integration.core.MessagingTemplate.send(MessagingTemplate.java:149)
	at org.springframework.integration.handler.AbstractReplyProducingMessageHandler.sendMessage(AbstractReplyProducingMessageHandler.java:216)
	at org.springframework.integration.handler.AbstractReplyProducingMessageHandler.sendReplyMessage(AbstractReplyProducingMessageHandler.java:200)
	at org.springframework.integration.handler.AbstractReplyProducingMessageHandler.produceReply(AbstractReplyProducingMessageHandler.java:165)
	at org.springframework.integration.handler.AbstractReplyProducingMessageHandler.handleResult(AbstractReplyProducingMessageHandler.java:159)
	at org.springframework.integration.handler.AbstractReplyProducingMessageHandler.handleMessageInternal(AbstractReplyProducingMessageHandler.java:141)
	at org.springframework.integration.handler.AbstractMessageHandler.handleMessage(AbstractMessageHandler.java:73)
	at org.springframework.integration.handler.MessageHandlerChain$1.send(MessageHandlerChain.java:154)
	at org.springframework.integration.core.MessagingTemplate.doSend(MessagingTemplate.java:288)
	at org.springframework.integration.core.MessagingTemplate.send(MessagingTemplate.java:149)
	at org.springframework.integration.handler.AbstractReplyProducingMessageHandler.sendMessage(AbstractReplyProducingMessageHandler.java:216)
	at org.springframework.integration.handler.AbstractReplyProducingMessageHandler.sendReplyMessage(AbstractReplyProducingMessageHandler.java:200)
	at org.springframework.integration.handler.AbstractReplyProducingMessageHandler.produceReply(AbstractReplyProducingMessageHandler.java:165)
	at org.springframework.integration.handler.AbstractReplyProducingMessageHandler.handleResult(AbstractReplyProducingMessageHandler.java:159)
	at org.springframework.integration.handler.AbstractReplyProducingMessageHandler.handleMessageInternal(AbstractReplyProducingMessageHandler.java:141)
	at org.springframework.integration.handler.AbstractMessageHandler.handleMessage(AbstractMessageHandler.java:73)
	at org.springframework.integration.handler.MessageHandlerChain.handleMessageInternal(MessageHandlerChain.java:137)
	at org.springframework.integration.handler.AbstractMessageHandler.handleMessage(AbstractMessageHandler.java:73)
	at org.springframework.integration.dispatcher.UnicastingDispatcher.doDispatch(UnicastingDispatcher.java:115)
	at org.springframework.integration.dispatcher.UnicastingDispatcher.dispatch(UnicastingDispatcher.java:102)
	at org.springframework.integration.channel.AbstractSubscribableChannel.doSend(AbstractSubscribableChannel.java:77)
	at org.springframework.integration.channel.AbstractMessageChannel.send(AbstractMessageChannel.java:157)
	at org.springframework.integration.channel.AbstractMessageChannel.send(AbstractMessageChannel.java:128)
	at org.springframework.integration.core.MessagingTemplate.doSend(MessagingTemplate.java:288)
	at org.springframework.integration.core.MessagingTemplate.send(MessagingTemplate.java:149)
	at org.springframework.integration.router.AbstractMessageRouter.handleMessageInternal(AbstractMessageRouter.java:129)
	at org.springframework.integration.handler.AbstractMessageHandler.handleMessage(AbstractMessageHandler.java:73)
	at org.springframework.integration.dispatcher.UnicastingDispatcher.doDispatch(UnicastingDispatcher.java:115)
	at org.springframework.integration.dispatcher.UnicastingDispatcher.dispatch(UnicastingDispatcher.java:102)
	at org.springframework.integration.channel.AbstractSubscribableChannel.doSend(AbstractSubscribableChannel.java:77)
	at org.springframework.integration.channel.AbstractMessageChannel.send(AbstractMessageChannel.java:157)
	at org.springframework.integration.channel.AbstractMessageChannel.send(AbstractMessageChannel.java:128)
	at org.springframework.integration.core.MessagingTemplate.doSend(MessagingTemplate.java:288)
	at org.springframework.integration.core.MessagingTemplate.doSendAndReceive(MessagingTemplate.java:318)
	at org.springframework.integration.core.MessagingTemplate.sendAndReceive(MessagingTemplate.java:239)
	at org.springframework.integration.core.MessagingTemplate.convertSendAndReceive(MessagingTemplate.java:274)
	at org.springframework.integration.gateway.MessagingGatewaySupport.doSendAndReceive(MessagingGatewaySupport.java:224)
	at org.springframework.integration.gateway.MessagingGatewaySupport.sendAndReceive(MessagingGatewaySupport.java:203)
	at org.springframework.integration.gateway.GatewayProxyFactoryBean.invokeGatewayMethod(GatewayProxyFactoryBean.java:306)
	at org.springframework.integration.gateway.GatewayProxyFactoryBean.doInvoke(GatewayProxyFactoryBean.java:269)
	at org.springframework.integration.gateway.GatewayProxyFactoryBean.invoke(GatewayProxyFactoryBean.java:260)
	at org.springframework.aop.framework.ReflectiveMethodInvocation.proceed(ReflectiveMethodInvocation.java:172)
	at org.springframework.aop.framework.JdkDynamicAopProxy.invoke(JdkDynamicAopProxy.java:202)
	at com.sun.proxy.$Proxy11.handleMessage(Unknown Source)
	at com.babel.esb.impl.DocumentMessageHandlerImpl.handleMessage(DocumentMessageHandlerImpl.java:26)
	at com.babel.esb.test.TestApproveOrder.test(TestApproveOrder.java:24)
	at sun.reflect.NativeMethodAccessorImpl.invoke0(Native Method)
	at sun.reflect.NativeMethodAccessorImpl.invoke(Unknown Source)
	at sun.reflect.DelegatingMethodAccessorImpl.invoke(Unknown Source)
	at java.lang.reflect.Method.invoke(Unknown Source)
	at org.junit.runners.model.FrameworkMethod$1.runReflectiveCall(FrameworkMethod.java:44)
	at org.junit.internal.runners.model.ReflectiveCallable.run(ReflectiveCallable.java:15)
	at org.junit.runners.model.FrameworkMethod.invokeExplosively(FrameworkMethod.java:41)
	at org.junit.internal.runners.statements.InvokeMethod.evaluate(InvokeMethod.java:20)
	at org.junit.internal.runners.statements.RunBefores.evaluate(RunBefores.java:28)
	at org.junit.runners.BlockJUnit4ClassRunner.runChild(BlockJUnit4ClassRunner.java:76)
	at org.junit.runners.BlockJUnit4ClassRunner.runChild(BlockJUnit4ClassRunner.java:50)
	at org.junit.runners.ParentRunner$3.run(ParentRunner.java:193)
	at org.junit.runners.ParentRunner$1.schedule(ParentRunner.java:52)
	at org.junit.runners.ParentRunner.runChildren(ParentRunner.java:191)
	at org.junit.runners.ParentRunner.access$000(ParentRunner.java:42)
	at org.junit.runners.ParentRunner$2.evaluate(ParentRunner.java:184)
	at org.junit.runners.ParentRunner.run(ParentRunner.java:236)
	at org.eclipse.jdt.internal.junit4.runner.JUnit4TestReference.run(JUnit4TestReference.java:50)
	at org.eclipse.jdt.internal.junit.runner.TestExecution.run(TestExecution.java:38)
	at org.eclipse.jdt.internal.junit.runner.RemoteTestRunner.runTests(RemoteTestRunner.java:467)
	at org.eclipse.jdt.internal.junit.runner.RemoteTestRunner.runTests(RemoteTestRunner.java:683)
	at org.eclipse.jdt.internal.junit.runner.RemoteTestRunner.run(RemoteTestRunner.java:390)
	at org.eclipse.jdt.internal.junit.runner.RemoteTestRunner.main(RemoteTestRunner.java:197)
Caused by: org.springframework.integration.MessageHandlingException: java.lang.NullPointerException
	at org.springframework.integration.handler.MethodInvokingMessageProcessor.processMessage(MethodInvokingMessageProcessor.java:76)
	at org.springframework.integration.transformer.AbstractMessageProcessingTransformer.transform(AbstractMessageProcessingTransformer.java:56)
	at org.springframework.integration.transformer.MessageTransformingHandler.handleRequestMessage(MessageTransformingHandler.java:67)
	... 102 more
Caused by: java.lang.NullPointerException
	at com.babel.esb.transformer.ApproveOrderResponseTransformer.aggregateResponse(ApproveOrderResponseTransformer.java:49)
	at com.babel.esb.transformer.ApproveOrderResponseTransformer.aggregateOrderProcessData(ApproveOrderResponseTransformer.java:62)
	at sun.reflect.NativeMethodAccessorImpl.invoke0(Native Method)
	at sun.reflect.NativeMethodAccessorImpl.invoke(Unknown Source)
	at sun.reflect.DelegatingMethodAccessorImpl.invoke(Unknown Source)
	at java.lang.reflect.Method.invoke(Unknown Source)
	at org.springframework.expression.spel.support.ReflectiveMethodExecutor.execute(ReflectiveMethodExecutor.java:69)
	at org.springframework.expression.spel.ast.MethodReference.getValueInternal(MethodReference.java:109)
	at org.springframework.expression.spel.ast.CompoundExpression.getValueInternal(CompoundExpression.java:57)
	at org.springframework.expression.spel.ast.SpelNodeImpl.getTypedValue(SpelNodeImpl.java:102)
	at org.springframework.expression.spel.standard.SpelExpression.getValue(SpelExpression.java:102)
	at org.springframework.integration.util.AbstractExpressionEvaluator.evaluateExpression(AbstractExpressionEvaluator.java:126)
	at org.springframework.integration.util.MessagingMethodInvokerHelper.processInternal(MessagingMethodInvokerHelper.java:227)
	at org.springframework.integration.util.MessagingMethodInvokerHelper.process(MessagingMethodInvokerHelper.java:127)
	at org.springframework.integration.handler.MethodInvokingMessageProcessor.processMessage(MethodInvokingMessageProcessor.java:73)
	... 104 more
2014-11-05 13:43:20,741 ERROR org.springframework.integration.handler.LoggingHandler - org.springframework.integration.MessageHandlingException: org.springframework.expression.spel.SpelEvaluationException: EL1004E:(pos 8): Method call: Method createOrder(com.babel.esb.api.OrderReceivedEvent) cannot be found on com.sun.proxy.$Proxy7 type
	at org.springframework.integration.handler.MethodInvokingMessageProcessor.processMessage(MethodInvokingMessageProcessor.java:76)
	at org.springframework.integration.handler.ServiceActivatingHandler.handleRequestMessage(ServiceActivatingHandler.java:67)
	at org.springframework.integration.handler.AbstractReplyProducingMessageHandler.handleMessageInternal(AbstractReplyProducingMessageHandler.java:134)
	at org.springframework.integration.handler.AbstractMessageHandler.handleMessage(AbstractMessageHandler.java:73)
	at org.springframework.integration.handler.MessageHandlerChain$1.send(MessageHandlerChain.java:154)
	at org.springframework.integration.core.MessagingTemplate.doSend(MessagingTemplate.java:288)
	at org.springframework.integration.core.MessagingTemplate.send(MessagingTemplate.java:149)
	at org.springframework.integration.handler.AbstractReplyProducingMessageHandler.sendMessage(AbstractReplyProducingMessageHandler.java:216)
	at org.springframework.integration.handler.AbstractReplyProducingMessageHandler.sendReplyMessage(AbstractReplyProducingMessageHandler.java:200)
	at org.springframework.integration.handler.AbstractReplyProducingMessageHandler.produceReply(AbstractReplyProducingMessageHandler.java:165)
	at org.springframework.integration.handler.AbstractReplyProducingMessageHandler.handleResult(AbstractReplyProducingMessageHandler.java:159)
	at org.springframework.integration.handler.AbstractReplyProducingMessageHandler.handleMessageInternal(AbstractReplyProducingMessageHandler.java:141)
	at org.springframework.integration.handler.AbstractMessageHandler.handleMessage(AbstractMessageHandler.java:73)
	at org.springframework.integration.handler.MessageHandlerChain.handleMessageInternal(MessageHandlerChain.java:137)
	at org.springframework.integration.handler.AbstractMessageHandler.handleMessage(AbstractMessageHandler.java:73)
	at org.springframework.integration.dispatcher.BroadcastingDispatcher.invokeHandler(BroadcastingDispatcher.java:121)
	at org.springframework.integration.dispatcher.BroadcastingDispatcher.access$000(BroadcastingDispatcher.java:43)
	at org.springframework.integration.dispatcher.BroadcastingDispatcher$1.run(BroadcastingDispatcher.java:106)
	at org.springframework.integration.util.ErrorHandlingTaskExecutor$1.run(ErrorHandlingTaskExecutor.java:52)
	at java.util.concurrent.ThreadPoolExecutor.runWorker(Unknown Source)
	at java.util.concurrent.ThreadPoolExecutor$Worker.run(Unknown Source)
	at java.lang.Thread.run(Unknown Source)
Caused by: org.springframework.expression.spel.SpelEvaluationException: EL1004E:(pos 8): Method call: Method createOrder(com.babel.esb.api.OrderReceivedEvent) cannot be found on com.sun.proxy.$Proxy7 type
	at org.springframework.expression.spel.ast.MethodReference.findAccessorForMethod(MethodReference.java:182)
	at org.springframework.expression.spel.ast.MethodReference.getValueInternal(MethodReference.java:106)
	at org.springframework.expression.spel.ast.CompoundExpression.getValueInternal(CompoundExpression.java:57)
	at org.springframework.expression.spel.ast.SpelNodeImpl.getTypedValue(SpelNodeImpl.java:102)
	at org.springframework.expression.spel.standard.SpelExpression.getValue(SpelExpression.java:102)
	at org.springframework.integration.util.AbstractExpressionEvaluator.evaluateExpression(AbstractExpressionEvaluator.java:126)
	at org.springframework.integration.util.MessagingMethodInvokerHelper.processInternal(MessagingMethodInvokerHelper.java:227)
	at org.springframework.integration.util.MessagingMethodInvokerHelper.process(MessagingMethodInvokerHelper.java:127)
	at org.springframework.integration.handler.MethodInvokingMessageProcessor.processMessage(MethodInvokingMessageProcessor.java:73)
	... 21 more

2014-11-05 13:43:20,741 ERROR org.springframework.integration.handler.LoggingHandler - org.springframework.integration.MessageHandlingException: org.springframework.expression.spel.SpelEvaluationException: EL1004E:(pos 8): Method call: Method sendOrderReceivedAcknEmail(com.babel.esb.api.OrderReceivedEvent) cannot be found on com.babel.esb.impl.TestHelper type
	at org.springframework.integration.handler.MethodInvokingMessageProcessor.processMessage(MethodInvokingMessageProcessor.java:76)
	at org.springframework.integration.handler.ServiceActivatingHandler.handleRequestMessage(ServiceActivatingHandler.java:67)
	at org.springframework.integration.handler.AbstractReplyProducingMessageHandler.handleMessageInternal(AbstractReplyProducingMessageHandler.java:134)
	at org.springframework.integration.handler.AbstractMessageHandler.handleMessage(AbstractMessageHandler.java:73)
	at org.springframework.integration.handler.MessageHandlerChain$1.send(MessageHandlerChain.java:154)
	at org.springframework.integration.core.MessagingTemplate.doSend(MessagingTemplate.java:288)
	at org.springframework.integration.core.MessagingTemplate.send(MessagingTemplate.java:149)
	at org.springframework.integration.handler.AbstractReplyProducingMessageHandler.sendMessage(AbstractReplyProducingMessageHandler.java:216)
	at org.springframework.integration.handler.AbstractReplyProducingMessageHandler.sendReplyMessage(AbstractReplyProducingMessageHandler.java:200)
	at org.springframework.integration.handler.AbstractReplyProducingMessageHandler.produceReply(AbstractReplyProducingMessageHandler.java:165)
	at org.springframework.integration.handler.AbstractReplyProducingMessageHandler.handleResult(AbstractReplyProducingMessageHandler.java:159)
	at org.springframework.integration.handler.AbstractReplyProducingMessageHandler.handleMessageInternal(AbstractReplyProducingMessageHandler.java:141)
	at org.springframework.integration.handler.AbstractMessageHandler.handleMessage(AbstractMessageHandler.java:73)
	at org.springframework.integration.handler.MessageHandlerChain.handleMessageInternal(MessageHandlerChain.java:137)
	at org.springframework.integration.handler.AbstractMessageHandler.handleMessage(AbstractMessageHandler.java:73)
	at org.springframework.integration.dispatcher.BroadcastingDispatcher.invokeHandler(BroadcastingDispatcher.java:121)
	at org.springframework.integration.dispatcher.BroadcastingDispatcher.access$000(BroadcastingDispatcher.java:43)
	at org.springframework.integration.dispatcher.BroadcastingDispatcher$1.run(BroadcastingDispatcher.java:106)
	at org.springframework.integration.util.ErrorHandlingTaskExecutor$1.run(ErrorHandlingTaskExecutor.java:52)
	at java.util.concurrent.ThreadPoolExecutor.runWorker(Unknown Source)
	at java.util.concurrent.ThreadPoolExecutor$Worker.run(Unknown Source)
	at java.lang.Thread.run(Unknown Source)
Caused by: org.springframework.expression.spel.SpelEvaluationException: EL1004E:(pos 8): Method call: Method sendOrderReceivedAcknEmail(com.babel.esb.api.OrderReceivedEvent) cannot be found on com.babel.esb.impl.TestHelper type
	at org.springframework.expression.spel.ast.MethodReference.findAccessorForMethod(MethodReference.java:182)
	at org.springframework.expression.spel.ast.MethodReference.getValueInternal(MethodReference.java:106)
	at org.springframework.expression.spel.ast.CompoundExpression.getValueInternal(CompoundExpression.java:57)
	at org.springframework.expression.spel.ast.SpelNodeImpl.getTypedValue(SpelNodeImpl.java:102)
	at org.springframework.expression.spel.standard.SpelExpression.getValue(SpelExpression.java:102)
	at org.springframework.integration.util.AbstractExpressionEvaluator.evaluateExpression(AbstractExpressionEvaluator.java:126)
	at org.springframework.integration.util.MessagingMethodInvokerHelper.processInternal(MessagingMethodInvokerHelper.java:227)
	at org.springframework.integration.util.MessagingMethodInvokerHelper.process(MessagingMethodInvokerHelper.java:127)
	at org.springframework.integration.handler.MethodInvokingMessageProcessor.processMessage(MethodInvokingMessageProcessor.java:73)
	... 21 more

2014-11-05 13:43:20,741 ERROR org.springframework.integration.handler.LoggingHandler - org.springframework.integration.MessageHandlingException: org.springframework.expression.spel.SpelEvaluationException: EL1004E:(pos 8): Method call: Method sendOrderReceivedAlertEmail(com.babel.esb.api.OrderReceivedEvent) cannot be found on com.babel.esb.impl.TestHelper type
	at org.springframework.integration.handler.MethodInvokingMessageProcessor.processMessage(MethodInvokingMessageProcessor.java:76)
	at org.springframework.integration.handler.ServiceActivatingHandler.handleRequestMessage(ServiceActivatingHandler.java:67)
	at org.springframework.integration.handler.AbstractReplyProducingMessageHandler.handleMessageInternal(AbstractReplyProducingMessageHandler.java:134)
	at org.springframework.integration.handler.AbstractMessageHandler.handleMessage(AbstractMessageHandler.java:73)
	at org.springframework.integration.handler.MessageHandlerChain$1.send(MessageHandlerChain.java:154)
	at org.springframework.integration.core.MessagingTemplate.doSend(MessagingTemplate.java:288)
	at org.springframework.integration.core.MessagingTemplate.send(MessagingTemplate.java:149)
	at org.springframework.integration.handler.AbstractReplyProducingMessageHandler.sendMessage(AbstractReplyProducingMessageHandler.java:216)
	at org.springframework.integration.handler.AbstractReplyProducingMessageHandler.sendReplyMessage(AbstractReplyProducingMessageHandler.java:200)
	at org.springframework.integration.handler.AbstractReplyProducingMessageHandler.produceReply(AbstractReplyProducingMessageHandler.java:165)
	at org.springframework.integration.handler.AbstractReplyProducingMessageHandler.handleResult(AbstractReplyProducingMessageHandler.java:159)
	at org.springframework.integration.handler.AbstractReplyProducingMessageHandler.handleMessageInternal(AbstractReplyProducingMessageHandler.java:141)
	at org.springframework.integration.handler.AbstractMessageHandler.handleMessage(AbstractMessageHandler.java:73)
	at org.springframework.integration.handler.MessageHandlerChain.handleMessageInternal(MessageHandlerChain.java:137)
	at org.springframework.integration.handler.AbstractMessageHandler.handleMessage(AbstractMessageHandler.java:73)
	at org.springframework.integration.dispatcher.BroadcastingDispatcher.invokeHandler(BroadcastingDispatcher.java:121)
	at org.springframework.integration.dispatcher.BroadcastingDispatcher.access$000(BroadcastingDispatcher.java:43)
	at org.springframework.integration.dispatcher.BroadcastingDispatcher$1.run(BroadcastingDispatcher.java:106)
	at org.springframework.integration.util.ErrorHandlingTaskExecutor$1.run(ErrorHandlingTaskExecutor.java:52)
	at java.util.concurrent.ThreadPoolExecutor.runWorker(Unknown Source)
	at java.util.concurrent.ThreadPoolExecutor$Worker.run(Unknown Source)
	at java.lang.Thread.run(Unknown Source)
Caused by: org.springframework.expression.spel.SpelEvaluationException: EL1004E:(pos 8): Method call: Method sendOrderReceivedAlertEmail(com.babel.esb.api.OrderReceivedEvent) cannot be found on com.babel.esb.impl.TestHelper type
	at org.springframework.expression.spel.ast.MethodReference.findAccessorForMethod(MethodReference.java:182)
	at org.springframework.expression.spel.ast.MethodReference.getValueInternal(MethodReference.java:106)
	at org.springframework.expression.spel.ast.CompoundExpression.getValueInternal(CompoundExpression.java:57)
	at org.springframework.expression.spel.ast.SpelNodeImpl.getTypedValue(SpelNodeImpl.java:102)
	at org.springframework.expression.spel.standard.SpelExpression.getValue(SpelExpression.java:102)
	at org.springframework.integration.util.AbstractExpressionEvaluator.evaluateExpression(AbstractExpressionEvaluator.java:126)
	at org.springframework.integration.util.MessagingMethodInvokerHelper.processInternal(MessagingMethodInvokerHelper.java:227)
	at org.springframework.integration.util.MessagingMethodInvokerHelper.process(MessagingMethodInvokerHelper.java:127)
	at org.springframework.integration.handler.MethodInvokingMessageProcessor.processMessage(MethodInvokingMessageProcessor.java:73)
	... 21 more

2014-11-05 13:43:21,056 ERROR org.springframework.integration.handler.LoggingHandler - org.springframework.integration.MessageHandlingException: org.springframework.expression.spel.SpelEvaluationException: EL1004E:(pos 8): Method call: Method createOrder(com.babel.esb.api.OrderReceivedEvent) cannot be found on com.sun.proxy.$Proxy7 type
	at org.springframework.integration.handler.MethodInvokingMessageProcessor.processMessage(MethodInvokingMessageProcessor.java:76)
	at org.springframework.integration.handler.ServiceActivatingHandler.handleRequestMessage(ServiceActivatingHandler.java:67)
	at org.springframework.integration.handler.AbstractReplyProducingMessageHandler.handleMessageInternal(AbstractReplyProducingMessageHandler.java:134)
	at org.springframework.integration.handler.AbstractMessageHandler.handleMessage(AbstractMessageHandler.java:73)
	at org.springframework.integration.handler.MessageHandlerChain$1.send(MessageHandlerChain.java:154)
	at org.springframework.integration.core.MessagingTemplate.doSend(MessagingTemplate.java:288)
	at org.springframework.integration.core.MessagingTemplate.send(MessagingTemplate.java:149)
	at org.springframework.integration.handler.AbstractReplyProducingMessageHandler.sendMessage(AbstractReplyProducingMessageHandler.java:216)
	at org.springframework.integration.handler.AbstractReplyProducingMessageHandler.sendReplyMessage(AbstractReplyProducingMessageHandler.java:200)
	at org.springframework.integration.handler.AbstractReplyProducingMessageHandler.produceReply(AbstractReplyProducingMessageHandler.java:165)
	at org.springframework.integration.handler.AbstractReplyProducingMessageHandler.handleResult(AbstractReplyProducingMessageHandler.java:159)
	at org.springframework.integration.handler.AbstractReplyProducingMessageHandler.handleMessageInternal(AbstractReplyProducingMessageHandler.java:141)
	at org.springframework.integration.handler.AbstractMessageHandler.handleMessage(AbstractMessageHandler.java:73)
	at org.springframework.integration.handler.MessageHandlerChain.handleMessageInternal(MessageHandlerChain.java:137)
	at org.springframework.integration.handler.AbstractMessageHandler.handleMessage(AbstractMessageHandler.java:73)
	at org.springframework.integration.dispatcher.BroadcastingDispatcher.invokeHandler(BroadcastingDispatcher.java:121)
	at org.springframework.integration.dispatcher.BroadcastingDispatcher.access$000(BroadcastingDispatcher.java:43)
	at org.springframework.integration.dispatcher.BroadcastingDispatcher$1.run(BroadcastingDispatcher.java:106)
	at org.springframework.integration.util.ErrorHandlingTaskExecutor$1.run(ErrorHandlingTaskExecutor.java:52)
	at java.util.concurrent.ThreadPoolExecutor.runWorker(Unknown Source)
	at java.util.concurrent.ThreadPoolExecutor$Worker.run(Unknown Source)
	at java.lang.Thread.run(Unknown Source)
Caused by: org.springframework.expression.spel.SpelEvaluationException: EL1004E:(pos 8): Method call: Method createOrder(com.babel.esb.api.OrderReceivedEvent) cannot be found on com.sun.proxy.$Proxy7 type
	at org.springframework.expression.spel.ast.MethodReference.findAccessorForMethod(MethodReference.java:182)
	at org.springframework.expression.spel.ast.MethodReference.getValueInternal(MethodReference.java:106)
	at org.springframework.expression.spel.ast.CompoundExpression.getValueInternal(CompoundExpression.java:57)
	at org.springframework.expression.spel.ast.SpelNodeImpl.getTypedValue(SpelNodeImpl.java:102)
	at org.springframework.expression.spel.standard.SpelExpression.getValue(SpelExpression.java:102)
	at org.springframework.integration.util.AbstractExpressionEvaluator.evaluateExpression(AbstractExpressionEvaluator.java:126)
	at org.springframework.integration.util.MessagingMethodInvokerHelper.processInternal(MessagingMethodInvokerHelper.java:227)
	at org.springframework.integration.util.MessagingMethodInvokerHelper.process(MessagingMethodInvokerHelper.java:127)
	at org.springframework.integration.handler.MethodInvokingMessageProcessor.processMessage(MethodInvokingMessageProcessor.java:73)
	... 21 more

2014-11-05 13:45:47,788 ERROR org.springframework.integration.handler.LoggingHandler - org.springframework.integration.MessageHandlingException: java.lang.RuntimeException: there must be an e-mail address for order
	at org.springframework.integration.handler.MethodInvokingMessageProcessor.processMessage(MethodInvokingMessageProcessor.java:76)
	at org.springframework.integration.handler.ServiceActivatingHandler.handleRequestMessage(ServiceActivatingHandler.java:67)
	at org.springframework.integration.handler.AbstractReplyProducingMessageHandler.handleMessageInternal(AbstractReplyProducingMessageHandler.java:134)
	at org.springframework.integration.handler.AbstractMessageHandler.handleMessage(AbstractMessageHandler.java:73)
	at org.springframework.integration.handler.MessageHandlerChain$1.send(MessageHandlerChain.java:154)
	at org.springframework.integration.core.MessagingTemplate.doSend(MessagingTemplate.java:288)
	at org.springframework.integration.core.MessagingTemplate.send(MessagingTemplate.java:149)
	at org.springframework.integration.handler.AbstractReplyProducingMessageHandler.sendMessage(AbstractReplyProducingMessageHandler.java:216)
	at org.springframework.integration.handler.AbstractReplyProducingMessageHandler.sendReplyMessage(AbstractReplyProducingMessageHandler.java:200)
	at org.springframework.integration.handler.AbstractReplyProducingMessageHandler.produceReply(AbstractReplyProducingMessageHandler.java:165)
	at org.springframework.integration.handler.AbstractReplyProducingMessageHandler.handleResult(AbstractReplyProducingMessageHandler.java:159)
	at org.springframework.integration.handler.AbstractReplyProducingMessageHandler.handleMessageInternal(AbstractReplyProducingMessageHandler.java:141)
	at org.springframework.integration.handler.AbstractMessageHandler.handleMessage(AbstractMessageHandler.java:73)
	at org.springframework.integration.handler.MessageHandlerChain$1.send(MessageHandlerChain.java:154)
	at org.springframework.integration.core.MessagingTemplate.doSend(MessagingTemplate.java:288)
	at org.springframework.integration.core.MessagingTemplate.send(MessagingTemplate.java:149)
	at org.springframework.integration.handler.AbstractReplyProducingMessageHandler.sendMessage(AbstractReplyProducingMessageHandler.java:216)
	at org.springframework.integration.handler.AbstractReplyProducingMessageHandler.sendReplyMessage(AbstractReplyProducingMessageHandler.java:200)
	at org.springframework.integration.handler.AbstractReplyProducingMessageHandler.produceReply(AbstractReplyProducingMessageHandler.java:165)
	at org.springframework.integration.handler.AbstractReplyProducingMessageHandler.handleResult(AbstractReplyProducingMessageHandler.java:159)
	at org.springframework.integration.handler.AbstractReplyProducingMessageHandler.handleMessageInternal(AbstractReplyProducingMessageHandler.java:141)
	at org.springframework.integration.handler.AbstractMessageHandler.handleMessage(AbstractMessageHandler.java:73)
	at org.springframework.integration.handler.MessageHandlerChain.handleMessageInternal(MessageHandlerChain.java:137)
	at org.springframework.integration.handler.AbstractMessageHandler.handleMessage(AbstractMessageHandler.java:73)
	at org.springframework.integration.dispatcher.BroadcastingDispatcher.invokeHandler(BroadcastingDispatcher.java:121)
	at org.springframework.integration.dispatcher.BroadcastingDispatcher.access$000(BroadcastingDispatcher.java:43)
	at org.springframework.integration.dispatcher.BroadcastingDispatcher$1.run(BroadcastingDispatcher.java:106)
	at org.springframework.integration.util.ErrorHandlingTaskExecutor$1.run(ErrorHandlingTaskExecutor.java:52)
	at java.util.concurrent.ThreadPoolExecutor.runWorker(Unknown Source)
	at java.util.concurrent.ThreadPoolExecutor$Worker.run(Unknown Source)
	at java.lang.Thread.run(Unknown Source)
Caused by: java.lang.RuntimeException: there must be an e-mail address for order
	at com.babel.esb.impl.TestHelper.sendOrderReceivedAcknEmail(TestHelper.java:17)
	at sun.reflect.NativeMethodAccessorImpl.invoke0(Native Method)
	at sun.reflect.NativeMethodAccessorImpl.invoke(Unknown Source)
	at sun.reflect.DelegatingMethodAccessorImpl.invoke(Unknown Source)
	at java.lang.reflect.Method.invoke(Unknown Source)
	at org.springframework.expression.spel.support.ReflectiveMethodExecutor.execute(ReflectiveMethodExecutor.java:69)
	at org.springframework.expression.spel.ast.MethodReference.getValueInternal(MethodReference.java:109)
	at org.springframework.expression.spel.ast.CompoundExpression.getValueInternal(CompoundExpression.java:57)
	at org.springframework.expression.spel.ast.SpelNodeImpl.getTypedValue(SpelNodeImpl.java:102)
	at org.springframework.expression.spel.standard.SpelExpression.getValue(SpelExpression.java:102)
	at org.springframework.integration.util.AbstractExpressionEvaluator.evaluateExpression(AbstractExpressionEvaluator.java:126)
	at org.springframework.integration.util.MessagingMethodInvokerHelper.processInternal(MessagingMethodInvokerHelper.java:227)
	at org.springframework.integration.util.MessagingMethodInvokerHelper.process(MessagingMethodInvokerHelper.java:127)
	at org.springframework.integration.handler.MethodInvokingMessageProcessor.processMessage(MethodInvokingMessageProcessor.java:73)
	... 30 more

